Sceneryobjects\Buildings_RUE\Haus03d.sco
1330945153
1330945153
-1
Sceneryobjects\DBC_Objects\DBC_shrubbery_01_20.sco
1330945222
1330945222
-1
Sceneryobjects\DBC_Objects\DBC_Tree_Medium_06.sco
1330945222
1330945222
-1
Sceneryobjects\DBC_Objects\obj_pole_streetsign_side.sco
1330945225
1330945225
-1
Sceneryobjects\DBC_Objects\Sign_Street_StopAW.sco
1330945222
1330945222
-1
Sceneryobjects\Generic\bus_stop.sco
1330945163
1330945163
-1
Sceneryobjects\Generic\people_standing_small.sco
1330945163
1330945163
-1
Sceneryobjects\Kreuz_MC\Einm_Altonaer.sco
1330945165
1330945165
-1
Sceneryobjects\Kreuz_MC\Kreuz_Altonaer.sco
1330945149
1330945149
-1
Sceneryobjects\NewJohnCity\sign-40kmh.sco
1227537265
1227537265
-1
Sceneryobjects\Willshire\busstops\busstop.sco
1279376314
1279376314
-1
Splines\Marcel\str_2spur_8m_altonaer1.sli
1330945185
-
-
Sceneryobjects\Buildings_RUE\Haus03f.sco
1330945153
1330945153
-1
Sceneryobjects\DBC_Objects\obj_mailbox_blue.sco
1330945222
1330945222
-1
Sceneryobjects\DBC_Objects\obj_pole_yellow.sco
1330945225
1330945225
-1
Sceneryobjects\NewJohnCity\sign-50kmh.sco
1227537266
1227537266
-1
Sceneryobjects\Streetobjects_RUE\sodiumlight_L_break_L.sco
1330945174
1330945174
-1
