Sceneryobjects\Daytonford\LHDRQ_9,5_to_X8.sco
1078877581
1078877581
-1
Sceneryobjects\Daytonford\RQ_20n_w9,5_Sidew_Junct.sco
1049122610
1049122610
-1
Sceneryobjects\Daytonford\RQ_X8m_2spur_8,0m_Sidewalk_junct.sco
1191152483
1191152483
-1
Sceneryobjects\Generic\bus_stop.sco
1249094584
1249094584
-1
Sceneryobjects\Generic\people_standing_small.sco
1219409169
1219409169
-1
Sceneryobjects\Generic\routearrow_R.sco
1219409178
1219409178
-1
Sceneryobjects\Generic\routearrows_busstop.sco
1219409219
1219409219
-1
Sceneryobjects\Trees_MC\tree_avenue_01.sco
1219409688
1219409688
-1
Sceneryobjects\Willshire\busstops\busstop.sco
1279376314
1279376314
-1
Splines\Daytonford\DFstr_2spur_8m_altonaer1.sli
1133423476
-
-
Splines\Daytonford\RQ_20_4_spur_15m_narrow_Sidewalk.sli
1048797829
-
-
Splines\Daytonford\RQ_9,5_2spur_6,5m_Sidewalk.sli
1047225097
-
-
Sceneryobjects\Buildings_MC\bw_50s_14.sco
1219409146
1219409146
-1
Sceneryobjects\Daytonford\RQ_9,5_to_X8.sco
1047945837
1047945837
-1
Sceneryobjects\Streetobjects_RUE\DDR_1xPGH-Topf_Wood+Cable.sco
1219409272
1219409272
-1
