Sceneryobjects\Buildings_MC\bw_70s_04A.sco
1219409646
1219409646
-1
Sceneryobjects\Daytonford\Einm_see_johanna.sco
1133423436
1133423436
-1
Sceneryobjects\DBC_Objects\NEWJOHNCITY_busstop_hut.sco
1227532909
1227532909
-1
Sceneryobjects\Generic\bus_stop.sco
1249094584
1249094584
-1
Sceneryobjects\Generic\people_standing_small.sco
1219409169
1219409169
-1
Sceneryobjects\Generic\routearrow_dn.sco
1219409169
1219409169
-1
Sceneryobjects\Generic\routearrows_busstop.sco
1219409219
1219409219
-1
Sceneryobjects\Willshire\busstops\busstop.sco
1279376314
1279376314
-1
Sceneryobjects\Willshire\Var1\busstopTTC.sco
1188785582
1188785582
-1
Splines\Daytonford\DFstr_2spur_11m_SeeburgerStr1.sli
1186177531
-
-
