Sceneryobjects\Daytonford\RQ_9,5_2spur_6,5m_Sidewalk_junct_forbus.sco
1047945795
1047945795
-1
Sceneryobjects\Daytonford\RQ_9,5_to_X8.sco
1047945837
1047945837
-1
Sceneryobjects\Daytonford\RQ_X8m_2spur_8,0m_Sidewalk_cross.sco
1191152563
1191152563
-1
Sceneryobjects\DBC_Objects\obj_pole_streetside_rear.sco
1219467802
1219467802
-1
Sceneryobjects\DBC_Objects\Sign_Street_StopAW.sco
1219467802
1219467802
-1
Sceneryobjects\Generic\bus_stop.sco
1249094584
1249094584
-1
Sceneryobjects\Generic\people_standing_small.sco
1219409169
1219409169
-1
Sceneryobjects\Generic\routearrow_dn.sco
1219409169
1219409169
-1
Sceneryobjects\Generic\routearrow_R.sco
1219409178
1219409178
-1
Sceneryobjects\Generic\routearrows_busstop.sco
1219409219
1219409219
-1
Sceneryobjects\Willshire\busstops\busstop.sco
1279376314
1279376314
-1
Splines\Daytonford\DFstr_2spur_8m_altonaer1.sli
1133423476
-
-
Splines\Daytonford\RQ_9,5_2spur_6,5m_Sidewalk.sli
1047225097
-
-
Splines\Daytonford\str_2spur_8m_1line.sli
1048734992
-
-
