Sceneryobjects\Daytonford\Einm_see_johanna.sco
1133423436
1133423436
-1
Sceneryobjects\Daytonford\RQ_9,5_to_10,5.sco
1047945833
1047945833
-1
Sceneryobjects\Daytonford\RQ_9,5_to_X8.sco
1047945837
1047945837
-1
Sceneryobjects\Daytonford\RQ_X8_to_X11_Seeburger.sco
1047947921
1047947921
-1
Sceneryobjects\DBC_Objects\NEWJOHNCITY_busstop_hut.sco
1227532909
1227532909
-1
Sceneryobjects\Generic\bus_stop.sco
1249094584
1249094584
-1
Sceneryobjects\Generic\people_standing_small.sco
1219409169
1219409169
-1
Sceneryobjects\Generic\routearrow_dn.sco
1219409169
1219409169
-1
Sceneryobjects\Generic\routearrows_busstop.sco
1219409219
1219409219
-1
Sceneryobjects\Willshire\busstops\busstop.sco
1279376314
1279376314
-1
Sceneryobjects\Willshire\Var1\busstopTTC.sco
1188785582
1188785582
-1
Splines\Daytonford\RQ_9,5_2spur_6,5m_Sidewalk.sli
1047225097
-
-
Splines\Daytonford\str_2spur_8m_1line.sli
1048734992
-
-
