Sceneryobjects\Buildings_MC\bw_70s_02A.sco
1219409181
1219409181
-1
Sceneryobjects\Daytonford\RQ_10,5_to_X8m_Altonaer.sco
1048014395
1048014395
-1
Sceneryobjects\Daytonford\RQ_20n_w9,5_Sidew_Crossing.sco
1049122319
1049122319
-1
Sceneryobjects\Daytonford\RQ_20n_w9,5_SideWide_Cross_A.sco
1115573120
1115573120
-1
Sceneryobjects\Daytonford\RQ_9,5_2spur_6,5m_Sidewalk_junct_forbus.sco
1047945795
1047945795
-1
Sceneryobjects\Daytonford\RQ_9,5_to_10,5.sco
1047945833
1047945833
-1
Sceneryobjects\Daytonford\RQ_X8_to_X11_Seeburger.sco
1047947921
1047947921
-1
Sceneryobjects\DBC_Objects\NEWJOHNCITY_busstop_hut.sco
1227532909
1227532909
-1
Sceneryobjects\Generic\bus_stop.sco
1249094584
1249094584
-1
Sceneryobjects\Generic\car_park.sco
1219409169
1219409169
-1
Sceneryobjects\Generic\entrypoint_bus.sco
1219409660
1219409660
-1
Sceneryobjects\Generic\people_standing_small.sco
1219409169
1219409169
-1
Sceneryobjects\Generic\routearrow_dn.sco
1219409169
1219409169
-1
Sceneryobjects\Generic\routearrow_L.sco
1219409541
1219409541
-1
Sceneryobjects\Generic\routearrow_R.sco
1219409178
1219409178
-1
Sceneryobjects\Generic\routearrows_busstop.sco
1219409219
1219409219
-1
Sceneryobjects\Willshire\busstops\busstop.sco
1279376314
1279376314
-1
Sceneryobjects\Willshire\Var4\busstopTTC.sco
1188785584
1188785584
-1
Sceneryobjects\Willshire\Var5\busstopTTC.sco
1188785584
1188785584
-1
Splines\Daytonford\DFstr_2spur_11m_SeeburgerStr1.sli
1186177531
-
-
Splines\Daytonford\RQ_20_4_spur_15m_narrow_Sidewalk.sli
1048797829
-
-
Splines\Daytonford\RQ_9,5_2spur_6,5m.sli
1047309333
-
-
Splines\Daytonford\RQ_9,5_2spur_6,5m_Sidewalk.sli
1047225097
-
-
