Sceneryobjects\Daytonford\RQ_X8m_2spur_8,0m_Sidewalk_cross.sco
1191152563
1191152563
-1
Sceneryobjects\Daytonford\RQ_X8m_2spur_8,0m_Sidewalk_junct.sco
1191152483
1191152483
-1
Sceneryobjects\DBC_Objects\NEWJOHNCITY_busstop_hut.sco
1227532909
1227532909
-1
Sceneryobjects\DBC_Objects\obj_pole_streetside_rear.sco
1219467802
1219467802
-1
Sceneryobjects\DBC_Objects\Sign_Street_StopAW.sco
1219467802
1219467802
-1
Sceneryobjects\Generic\bus_stop.sco
1249094584
1249094584
-1
Sceneryobjects\Generic\people_standing_small.sco
1219409169
1219409169
-1
Sceneryobjects\Generic\routearrow_dn.sco
1219409169
1219409169
-1
Sceneryobjects\Generic\routearrow_L.sco
1219409541
1219409541
-1
Sceneryobjects\Generic\routearrows_busstop.sco
1219409219
1219409219
-1
Sceneryobjects\Trees_MC\tree_avenue_01.sco
1219409688
1219409688
-1
Sceneryobjects\Willshire\busstops\busstop.sco
1279376314
1279376314
-1
Sceneryobjects\Willshire\Var1\busstopTTC.sco
1188785582
1188785582
-1
Splines\Daytonford\DFstr_2spur_8m_altonaer1.sli
1133423476
-
-
Splines\Daytonford\str_2spur_8m_1line.sli
1048734992
-
-
