Sceneryobjects\Buildings_RUE\Haus03d.sco
1330945153
1330945153
-1
Sceneryobjects\Buildings_RUE\Haus03f.sco
1330945153
1330945153
-1
Sceneryobjects\DBC_Objects\busstop_hut.sco
1330945222
1330945222
-1
Sceneryobjects\DBC_Objects\DBC_shrubbery_01_20.sco
1330945222
1330945222
-1
Sceneryobjects\DBC_Objects\DBC_Tree_Medium_06.sco
1330945222
1330945222
-1
Sceneryobjects\DBC_Objects\obj_hydrant.sco
1330945225
1330945225
-1
Sceneryobjects\DBC_Objects\obj_pole_streetsign_side.sco
1330945225
1330945225
-1
Sceneryobjects\DBC_Objects\Sign_Street_StopAW.sco
1330945222
1330945222
-1
Sceneryobjects\Generic\bus_stop.sco
1330945163
1330945163
-1
Sceneryobjects\Generic\entrypoint_bus.sco
1330945154
1330945154
-1
Sceneryobjects\Kreuz_MC\Einm_Altonaer.sco
1330945165
1330945165
-1
Sceneryobjects\Kreuz_MC\Kreuz_Altonaer.sco
1330945149
1330945149
-1
Sceneryobjects\NewJohnCity\sign-NOEXIT.sco
1227536939
1227536939
-1
Sceneryobjects\Streetobjects_RUE\sodiumlight_L_break_L.sco
1330945174
1330945174
-1
Sceneryobjects\Willshire\busstops\busstop.sco
1279376314
1279376314
-1
Sceneryobjects\Willshire\Special\StreetSign_1lg_pole.sco
1188785581
1188785581
-1
Sceneryobjects\Willshire\Special\StreetSign_1sm_pole.sco
1188785581
1188785581
-1
Sceneryobjects\Willshire\Var1\hst_wartehaus_alt01.sco
1188785582
1188785582
-1
Splines\Marcel\str_2spur_8m_altonaer1.sli
1330945185
-
-
Sceneryobjects\Generic\people_standing_small.sco
1330945163
1330945163
-1
