Sceneryobjects\Daytonford\LHDRQ_9,5_to_10,5.sco
1078879698
1078879698
-1
Sceneryobjects\Daytonford\RQ_20n_w9,5_Sidew_Junct.sco
1049122610
1049122610
-1
Sceneryobjects\Daytonford\RQ_20n_w9,5_SideWide_Cross_A.sco
1115573120
1115573120
-1
Sceneryobjects\Daytonford\RQ_9,5_2spur_6,5m_Sidewalk_busstop_asph.sco
1148350313
1148350313
-1
Sceneryobjects\Daytonford\RQ_9,5_2spur_6,5m_Sidewalk_junct.sco
1156950870
1156950870
-1
Sceneryobjects\DBC_Objects\obj_pole_streetside_rear.sco
1219467802
1219467802
-1
Sceneryobjects\DBC_Objects\Sign_Street_Stop.sco
1219467776
1219467776
-1
Sceneryobjects\Generic\bus_stop.sco
1249094584
1249094584
-1
Sceneryobjects\Generic\car_park.sco
1219409169
1219409169
-1
Sceneryobjects\Generic\people_standing_small.sco
1219409169
1219409169
-1
Sceneryobjects\Generic\routearrow_dn.sco
1219409169
1219409169
-1
Sceneryobjects\Generic\routearrow_R.sco
1219409178
1219409178
-1
Sceneryobjects\Generic\routearrows_busstop.sco
1219409219
1219409219
-1
Sceneryobjects\Willshire\busstops\busstop.sco
1279376314
1279376314
-1
Sceneryobjects\Willshire\Var1\busstopTTC.sco
1188785582
1188785582
-1
Splines\Daytonford\RQ_10,5_2spur_7,5m_Sidewalk.sli
1047309436
-
-
Splines\Daytonford\RQ_20_4_spur_15m_narrow_Sidewalk.sli
1048797829
-
-
Splines\Daytonford\RQ_9,5_2spur_6,5m_Sidewalk.sli
1047225097
-
-
Sceneryobjects\Generic\entrypoint_bus.sco
1219409660
1219409660
-1
Sceneryobjects\Streetobjects_RUE\DDR_1xPGH-Topf_Wood+Cable.sco
1219409272
1219409272
-1
