Sceneryobjects\Daytonford\RQ_20n_w9,5_SideWide_Cross_A.sco
1115573120
1115573120
-1
Sceneryobjects\Daytonford\RQ_9,5_to_10,5.sco
1047945833
1047945833
-1
Sceneryobjects\Daytonford\RQ_9,5_to_X8.sco
1047945837
1047945837
-1
Sceneryobjects\Daytonford\RQ_X8m_2spur_8,0m_Sidewalk_junct.sco
1191152483
1191152483
-1
Sceneryobjects\DBC_Objects\DBC_shrubbery_04_20.sco
1219467770
1219467770
-1
Sceneryobjects\DBC_Objects\DBC_Tree_Medium_06.sco
1219467793
1219467793
-1
Sceneryobjects\DBC_Objects\obj_pole_streetside_rear.sco
1219467802
1219467802
-1
Sceneryobjects\DBC_Objects\Sign_Street_Stop.sco
1219467776
1219467776
-1
Sceneryobjects\DBC_Objects\Sign_Street_StopAW.sco
1219467802
1219467802
-1
Sceneryobjects\Generic\bus_stop.sco
1249094584
1249094584
-1
Sceneryobjects\Generic\people_standing_small.sco
1219409169
1219409169
-1
Sceneryobjects\Generic\routearrow_dn.sco
1219409169
1219409169
-1
Sceneryobjects\Generic\routearrows_busstop.sco
1219409219
1219409219
-1
Sceneryobjects\Streetobjects_RUE\DDR_1xPGH-Topf_Wood+Cable.sco
1219409272
1219409272
-1
Sceneryobjects\Willshire\busstops\busstop.sco
1279376314
1279376314
-1
Sceneryobjects\Willshire\Var1\busstopTTC.sco
1188785582
1188785582
-1
Splines\Daytonford\DFstr_2spur_8m_altonaer1.sli
1133423476
-
-
Splines\Daytonford\RQ_20_4_spur_15m_narrow_Sidewalk.sli
1048797829
-
-
Splines\Daytonford\RQ_9,5_2spur_6,5m_Sidewalk.sli
1047225097
-
-
Splines\Daytonford\str_2spur_8m_1line.sli
1048734992
-
-
Splines\Daytonford\str_2spur_8m_ll_line.sli
1052590924
-
-
