Sceneryobjects\Buildings_MC\tank_2_aral.sco
1219409187
1219409187
-1
Sceneryobjects\Buildings_MC\tank_2_esso.sco
1219409514
1219409514
-1
Sceneryobjects\Daytonford\RQ_20n_Busstop001.sco
1053006055
1053006055
-1
Sceneryobjects\Daytonford\RQ_20n_Busstop002.sco
1053005915
1053005915
-1
Sceneryobjects\Daytonford\RQ_20n_w9,5_SideWide_Cross_A.sco
1115573120
1115573120
-1
Sceneryobjects\Daytonford\RQ_20n_w9,5_SideWide_Junct_A.sco
1115573079
1115573079
-1
Sceneryobjects\Willshire\busstops\busstop.sco
1279376314
1279376314
-1
Splines\Daytonford\RQ_10,5_2spur_7,5m_Sidewalk.sli
1047309436
-
-
Splines\Daytonford\RQ_20_4_spur_15m_narrow_Sidewalk.sli
1048797829
-
-
